[debug] > Exec(reload, None, None)
[debug] > Exec(sbtStashOnFailure, None, None)
[debug] > Exec(onFailure loadFailed, None, None)
[debug] > Exec(loadp, None, None)
[info] welcome to sbt 1.5.8 (Oracle Corporation Java 1.8.0_144)
[debug]                         Load.loadUnit: plugins took 38.5384ms
[debug]                         Load.loadUnit: defsScala took 0.0245ms
[debug] [Loading] Scanning directory C:\Users\ejmal\.sbt\1.0\plugins
[debug] [Loading] Found non-root projects 
[debug] [Loading] Done in C:\Users\ejmal\.sbt\1.0\plugins, returning: ()
[debug] deducing auto plugins based on known facts Set(Atom(sbt.plugins.CorePlugin)) and clauses Clauses(Clause(Atom(sbt.plugins.JvmPlugin),Set(Atom(sbt.plugins.IvyPlugin)))
[debug] Clause(Atom(sbt.ScriptedPlugin),Set(Atom(sbt.plugins.JvmPlugin)))
[debug] Clause(Atom(sbt.plugins.SbtPlugin),Set(Atom(sbt.ScriptedPlugin)))
[debug] Clause(Atom(sbt.plugins.SemanticdbPlugin),Set(Atom(sbt.plugins.JvmPlugin)))
[debug] Clause(Atom(sbt.plugins.JUnitXmlReportPlugin),Set(Atom(sbt.plugins.JvmPlugin)))
[debug] Clause(Atom(sbt.plugins.MiniDependencyTreePlugin),Set(Atom(sbt.plugins.JvmPlugin)))
[debug] Clause(Atom(sbt.plugins.CorePlugin),Set(Atom(sbt.plugins.IvyPlugin)))
[debug] Clause(Atom(sbt.plugins.IvyPlugin),Set(Atom(sbt.plugins.JvmPlugin)))
[debug] Clause(Atom(sbt.plugins.JvmPlugin),Set(Atom(sbt.plugins.SemanticdbPlugin)))
[debug] Clause(Atom(sbt.plugins.JvmPlugin),Set(Atom(sbt.plugins.JUnitXmlReportPlugin)))
[debug] Clause(Atom(sbt.plugins.CorePlugin),Set(Atom(sbt.plugins.Giter8TemplatePlugin)))
[debug] Clause(Atom(sbt.plugins.JvmPlugin),Set(Atom(sbt.plugins.MiniDependencyTreePlugin))))
[debug]   :: deduced result: Matched(sbt.plugins.CorePlugin,sbt.plugins.Giter8TemplatePlugin,sbt.plugins.IvyPlugin,sbt.plugins.JvmPlugin,sbt.plugins.MiniDependencyTreePlugin,sbt.plugins.JUnitXmlReportPlugin,sbt.plugins.SemanticdbPlugin)
[debug] Plugins.deducer#function took 1.3486 ms
[debug]                             Load.resolveProject(global-plugins) took 1.7069ms
[debug]                           Load.loadTransitive: finalizeProject(Project(id global-plugins, base: C:\Users\ejmal\.sbt\1.0\plugins, plugins: List(<none>))) took 3.7301ms
[debug] [Loading] Done in C:\Users\ejmal\.sbt\1.0\plugins, returning: (global-plugins)
[debug]                         Load.loadUnit: loadedProjectsRaw took 5.5309ms
[debug]                         Load.loadUnit: cleanEvalClasses took 0.0101ms
[debug]                       Load.loadUnit(file:/C:/Users/ejmal/.sbt/1.0/plugins/, ...) took 50.4324ms
[debug]                     Load.apply: load took 51.9252ms
[debug]                     Load.apply: resolveProjects took 0.1098ms
[debug]                     Load.apply: finalTransforms took 8.134ms
[debug]                     Load.apply: config.delegates took 0.6613ms
[debug]                     Load.apply: Def.make(settings)... took 104.9952ms
[debug]                     Load.apply: structureIndex took 35.4388ms
[debug]                     Load.apply: mkStreams took 0.0035ms
[info] loading global plugins from C:\Users\ejmal\.sbt\1.0\plugins
[debug] Running task... Cancel: Signal, check cycles: false, forcegc: true
[debug]                   Load.defaultLoad until apply took 624.1301ms
[debug]                             Load.loadUnit: plugins took 59.866ms
[debug]                             Load.loadUnit: defsScala took 0.0044ms
[debug] [Loading] Scanning directory C:\Users\ejmal\Desktop\2019-Scouting-Data-master\project
[debug]                               Load.loadUnit: mkEval took 0.4783ms
[debug] [Loading] Found non-root projects 
[debug] [Loading] Done in C:\Users\ejmal\Desktop\2019-Scouting-Data-master\project, returning: ()
[debug] deducing auto plugins based on known facts Set(Atom(sbt.plugins.CorePlugin)) and clauses Clauses(Clause(Atom(sbt.plugins.JvmPlugin),Set(Atom(sbt.plugins.IvyPlugin)))
[debug] Clause(Atom(sbt.ScriptedPlugin),Set(Atom(sbt.plugins.JvmPlugin)))
[debug] Clause(Atom(sbt.plugins.SbtPlugin),Set(Atom(sbt.ScriptedPlugin)))
[debug] Clause(Atom(sbt.plugins.SemanticdbPlugin),Set(Atom(sbt.plugins.JvmPlugin)))
[debug] Clause(Atom(sbt.plugins.JUnitXmlReportPlugin),Set(Atom(sbt.plugins.JvmPlugin)))
[debug] Clause(Atom(sbt.plugins.MiniDependencyTreePlugin),Set(Atom(sbt.plugins.JvmPlugin)))
[debug] Clause(Atom(sbt.plugins.CorePlugin),Set(Atom(sbt.plugins.IvyPlugin)))
[debug] Clause(Atom(sbt.plugins.IvyPlugin),Set(Atom(sbt.plugins.JvmPlugin)))
[debug] Clause(Atom(sbt.plugins.JvmPlugin),Set(Atom(sbt.plugins.SemanticdbPlugin)))
[debug] Clause(Atom(sbt.plugins.JvmPlugin),Set(Atom(sbt.plugins.JUnitXmlReportPlugin)))
[debug] Clause(Atom(sbt.plugins.CorePlugin),Set(Atom(sbt.plugins.Giter8TemplatePlugin)))
[debug] Clause(Atom(sbt.plugins.JvmPlugin),Set(Atom(sbt.plugins.MiniDependencyTreePlugin))))
[debug]   :: deduced result: Matched(sbt.plugins.CorePlugin,sbt.plugins.Giter8TemplatePlugin,sbt.plugins.IvyPlugin,sbt.plugins.JvmPlugin,sbt.plugins.MiniDependencyTreePlugin,sbt.plugins.JUnitXmlReportPlugin,sbt.plugins.SemanticdbPlugin)
[debug] Plugins.deducer#function took 2.0633 ms
[info] loading settings for project root-2019-scouting-data-master-build from assembly.sbt,plugins.sbt,idea.sbt ...
[debug]                                 Load.resolveProject(root-2019-scouting-data-master-build) took 3.1189ms
[debug]                               Load.loadTransitive: finalizeProject(Project(id root-2019-scouting-data-master-build, base: C:\Users\ejmal\Desktop\2019-Scouting-Data-master\project, plugins: List(<none>))) took 5.8105ms
[debug] [Loading] Done in C:\Users\ejmal\Desktop\2019-Scouting-Data-master\project, returning: (root-2019-scouting-data-master-build)
[debug]                             Load.loadUnit: loadedProjectsRaw took 98.978ms
[debug]                             Load.loadUnit: cleanEvalClasses took 5.6574ms
[debug]                           Load.loadUnit(file:/C:/Users/ejmal/Desktop/2019-Scouting-Data-master/project/, ...) took 165.9538ms
[debug]                         Load.apply: load took 168.0396ms
[debug]                         Load.apply: resolveProjects took 0.1704ms
[debug]                         Load.apply: finalTransforms took 10.328ms
[debug]                         Load.apply: config.delegates took 0.3858ms
[debug]                         Load.apply: Def.make(settings)... took 86.5239ms
[debug]                         Load.apply: structureIndex took 27.3369ms
[debug]                         Load.apply: mkStreams took 0.0039ms
[info] loading project definition from C:\Users\ejmal\Desktop\2019-Scouting-Data-master\project
[debug] Running task... Cancel: Signal, check cycles: false, forcegc: true
[warn] Unrecognized repository Scala Plugin Bundled Repository, ignoring it
[warn] 
[warn] 	Note: Some unresolved dependencies have extra attributes.  Check that these dependencies exist with the requested attributes.
[warn] 		com.eed3si9n:sbt-assembly:0.14.9 (sbtVersion=1.0, scalaVersion=2.12)
[warn] 		com.quadstingray:sbt-javafx:1.4.0 (sbtVersion=1.0, scalaVersion=2.12)
[warn] 
[warn] 	Note: Unresolved dependencies path:
[error] sbt.librarymanagement.ResolveException: Error downloading com.eed3si9n:sbt-assembly;sbtVersion=1.0;scalaVersion=2.12:0.14.9
[error]   Not found
[error]   Not found
[error]   not found: https://repo1.maven.org/maven2/com/eed3si9n/sbt-assembly_2.12_1.0/0.14.9/sbt-assembly-0.14.9.pom
[error]   not found: C:\Users\ejmal\.ivy2\localcom.eed3si9n\sbt-assembly\scala_2.12\sbt_1.0\0.14.9\ivys\ivy.xml
[error]   download error: Caught java.net.UnknownHostException: repo.scala-sbt.org (repo.scala-sbt.org) while downloading https://repo.scala-sbt.org/scalasbt/sbt-plugin-releases/com.eed3si9n/sbt-assembly/scala_2.12/sbt_1.0/0.14.9/ivys/ivy.xml
[error]   download error: Caught java.net.UnknownHostException: repo.typesafe.com (repo.typesafe.com) while downloading https://repo.typesafe.com/typesafe/ivy-releases/com.eed3si9n/sbt-assembly/scala_2.12/sbt_1.0/0.14.9/ivys/ivy.xml
[error] Error downloading com.quadstingray:sbt-javafx;sbtVersion=1.0;scalaVersion=2.12:1.4.0
[error]   Not found
[error]   Not found
[error]   not found: https://repo1.maven.org/maven2/com/quadstingray/sbt-javafx_2.12_1.0/1.4.0/sbt-javafx-1.4.0.pom
[error]   not found: C:\Users\ejmal\.ivy2\localcom.quadstingray\sbt-javafx\scala_2.12\sbt_1.0\1.4.0\ivys\ivy.xml
[error]   download error: Caught java.net.UnknownHostException: repo.scala-sbt.org (repo.scala-sbt.org) while downloading https://repo.scala-sbt.org/scalasbt/sbt-plugin-releases/com.quadstingray/sbt-javafx/scala_2.12/sbt_1.0/1.4.0/ivys/ivy.xml
[error]   download error: Caught java.net.UnknownHostException: repo.typesafe.com (repo.typesafe.com) while downloading https://repo.typesafe.com/typesafe/ivy-releases/com.quadstingray/sbt-javafx/scala_2.12/sbt_1.0/1.4.0/ivys/ivy.xml
[error] 	at lmcoursier.CoursierDependencyResolution.unresolvedWarningOrThrow(CoursierDependencyResolution.scala:258)
[error] 	at lmcoursier.CoursierDependencyResolution.$anonfun$update$38(CoursierDependencyResolution.scala:227)
[error] 	at scala.util.Either$LeftProjection.map(Either.scala:573)
[error] 	at lmcoursier.CoursierDependencyResolution.update(CoursierDependencyResolution.scala:227)
[error] 	at sbt.librarymanagement.DependencyResolution.update(DependencyResolution.scala:60)
[error] 	at sbt.internal.LibraryManagement$.resolve$1(LibraryManagement.scala:59)
[error] 	at sbt.internal.LibraryManagement$.$anonfun$cachedUpdate$12(LibraryManagement.scala:133)
[error] 	at sbt.util.Tracked$.$anonfun$lastOutput$1(Tracked.scala:73)
[error] 	at sbt.internal.LibraryManagement$.$anonfun$cachedUpdate$20(LibraryManagement.scala:146)
[error] 	at scala.util.control.Exception$Catch.apply(Exception.scala:228)
[error] 	at sbt.internal.LibraryManagement$.$anonfun$cachedUpdate$11(LibraryManagement.scala:146)
[error] 	at sbt.internal.LibraryManagement$.$anonfun$cachedUpdate$11$adapted(LibraryManagement.scala:127)
[error] 	at sbt.util.Tracked$.$anonfun$inputChangedW$1(Tracked.scala:219)
[error] 	at sbt.internal.LibraryManagement$.cachedUpdate(LibraryManagement.scala:160)
[error] 	at sbt.Classpaths$.$anonfun$updateTask0$1(Defaults.scala:3678)
[error] 	at scala.Function1.$anonfun$compose$1(Function1.scala:49)
[error] 	at sbt.internal.util.$tilde$greater.$anonfun$$u2219$1(TypeFunctions.scala:62)
[error] 	at sbt.std.Transform$$anon$4.work(Transform.scala:68)
[error] 	at sbt.Execute.$anonfun$submit$2(Execute.scala:282)
[error] 	at sbt.internal.util.ErrorHandling$.wideConvert(ErrorHandling.scala:23)
[error] 	at sbt.Execute.work(Execute.scala:291)
[error] 	at sbt.Execute.$anonfun$submit$1(Execute.scala:282)
[error] 	at sbt.ConcurrentRestrictions$$anon$4.$anonfun$submitValid$1(ConcurrentRestrictions.scala:265)
[error] 	at sbt.CompletionService$$anon$2.call(CompletionService.scala:64)
[error] 	at java.util.concurrent.FutureTask.run(FutureTask.java:266)
[error] 	at java.util.concurrent.Executors$RunnableAdapter.call(Executors.java:511)
[error] 	at java.util.concurrent.FutureTask.run(FutureTask.java:266)
[error] 	at java.util.concurrent.ThreadPoolExecutor.runWorker(ThreadPoolExecutor.java:1149)
[error] 	at java.util.concurrent.ThreadPoolExecutor$Worker.run(ThreadPoolExecutor.java:624)
[error] 	at java.lang.Thread.run(Thread.java:748)
[error] (update) sbt.librarymanagement.ResolveException: Error downloading com.eed3si9n:sbt-assembly;sbtVersion=1.0;scalaVersion=2.12:0.14.9
[error]   Not found
[error]   Not found
[error]   not found: https://repo1.maven.org/maven2/com/eed3si9n/sbt-assembly_2.12_1.0/0.14.9/sbt-assembly-0.14.9.pom
[error]   not found: C:\Users\ejmal\.ivy2\localcom.eed3si9n\sbt-assembly\scala_2.12\sbt_1.0\0.14.9\ivys\ivy.xml
[error]   download error: Caught java.net.UnknownHostException: repo.scala-sbt.org (repo.scala-sbt.org) while downloading https://repo.scala-sbt.org/scalasbt/sbt-plugin-releases/com.eed3si9n/sbt-assembly/scala_2.12/sbt_1.0/0.14.9/ivys/ivy.xml
[error]   download error: Caught java.net.UnknownHostException: repo.typesafe.com (repo.typesafe.com) while downloading https://repo.typesafe.com/typesafe/ivy-releases/com.eed3si9n/sbt-assembly/scala_2.12/sbt_1.0/0.14.9/ivys/ivy.xml
[error] Error downloading com.quadstingray:sbt-javafx;sbtVersion=1.0;scalaVersion=2.12:1.4.0
[error]   Not found
[error]   Not found
[error]   not found: https://repo1.maven.org/maven2/com/quadstingray/sbt-javafx_2.12_1.0/1.4.0/sbt-javafx-1.4.0.pom
[error]   not found: C:\Users\ejmal\.ivy2\localcom.quadstingray\sbt-javafx\scala_2.12\sbt_1.0\1.4.0\ivys\ivy.xml
[error]   download error: Caught java.net.UnknownHostException: repo.scala-sbt.org (repo.scala-sbt.org) while downloading https://repo.scala-sbt.org/scalasbt/sbt-plugin-releases/com.quadstingray/sbt-javafx/scala_2.12/sbt_1.0/1.4.0/ivys/ivy.xml
[error]   download error: Caught java.net.UnknownHostException: repo.typesafe.com (repo.typesafe.com) while downloading https://repo.typesafe.com/typesafe/ivy-releases/com.quadstingray/sbt-javafx/scala_2.12/sbt_1.0/1.4.0/ivys/ivy.xml
[debug] > Exec(loadFailed, None, None)
[warn] Project loading failed: (r)etry, (q)uit, (l)ast, or (i)gnore? (default: r)
